d:\курсовой проект\kursach\kursach\debug\vc141.pdb
d:\курсовой проект\kursach\kursach\debug\vc141.idb
d:\курсовой проект\kursach\kursach\debug\balancechange.obj
d:\курсовой проект\kursach\kursach\debug\consum.obj
d:\курсовой проект\kursach\kursach\debug\file.obj
d:\курсовой проект\kursach\kursach\debug\income.obj
d:\курсовой проект\kursach\kursach\debug\inputexception.obj
d:\курсовой проект\kursach\kursach\debug\listexception.obj
d:\курсовой проект\kursach\kursach\debug\main.obj
d:\курсовой проект\kursach\kursach\debug\user.obj
d:\курсовой проект\kursach\debug\kursach.pdb
d:\курсовой проект\kursach\kursach\debug\kursach.tlog\cl.command.1.tlog
d:\курсовой проект\kursach\kursach\debug\kursach.tlog\cl.read.1.tlog
d:\курсовой проект\kursach\kursach\debug\kursach.tlog\cl.write.1.tlog
d:\курсовой проект\kursach\kursach\debug\kursach.tlog\link.11848-cvtres.read.1.tlog
d:\курсовой проект\kursach\kursach\debug\kursach.tlog\link.11848-cvtres.write.1.tlog
d:\курсовой проект\kursach\kursach\debug\kursach.tlog\link.11848-rc.read.1.tlog
d:\курсовой проект\kursach\kursach\debug\kursach.tlog\link.11848-rc.write.1.tlog
d:\курсовой проект\kursach\kursach\debug\kursach.tlog\link.11848.read.1.tlog
d:\курсовой проект\kursach\kursach\debug\kursach.tlog\link.11848.write.1.tlog
d:\курсовой проект\kursach\kursach\debug\kursach.tlog\link.command.1.tlog
d:\курсовой проект\kursach\kursach\debug\kursach.tlog\link.read.1.tlog
d:\курсовой проект\kursach\kursach\debug\kursach.tlog\link.write.1.tlog
